2018-02-08 09:40:19,934 - Log4JLogChute initialized using file 'velocity.log'
2018-02-08 09:40:19,934 - Initializing Velocity, Calling init()...
2018-02-08 09:40:19,934 - Starting Apache Velocity v1.7 (compiled: 2010-11-19 12:14:37)
2018-02-08 09:40:19,934 - Default Properties File: org\apache\velocity\runtime\defaults\velocity.properties
2018-02-08 09:40:19,934 - Trying to use logger class org.apache.velocity.runtime.log.AvalonLogChute
2018-02-08 09:40:19,934 - Target log system for org.apache.velocity.runtime.log.AvalonLogChute is not available (java.lang.NoClassDefFoundError: org/apache/log/format/Formatter).  Falling back to next log system...
2018-02-08 09:40:19,934 - Trying to use logger class org.apache.velocity.runtime.log.Log4JLogChute
2018-02-08 09:40:19,935 - Using logger class org.apache.velocity.runtime.log.Log4JLogChute
2018-02-08 09:40:19,940 - ResourceLoader instantiated: org.apache.velocity.runtime.resource.loader.ClasspathResourceLoader
2018-02-08 09:40:19,968 - ResourceCache: initialized (class org.apache.velocity.runtime.resource.ResourceCacheImpl) with class java.util.Collections$SynchronizedMap cache map.
2018-02-08 09:40:19,970 - Loaded System Directive: org.apache.velocity.runtime.directive.Stop
2018-02-08 09:40:19,971 - Loaded System Directive: org.apache.velocity.runtime.directive.Define
2018-02-08 09:40:19,972 - Loaded System Directive: org.apache.velocity.runtime.directive.Break
2018-02-08 09:40:19,973 - Loaded System Directive: org.apache.velocity.runtime.directive.Evaluate
2018-02-08 09:40:19,974 - Loaded System Directive: org.apache.velocity.runtime.directive.Literal
2018-02-08 09:40:19,976 - Loaded System Directive: org.apache.velocity.runtime.directive.Macro
2018-02-08 09:40:19,978 - Loaded System Directive: org.apache.velocity.runtime.directive.Parse
2018-02-08 09:40:19,979 - Loaded System Directive: org.apache.velocity.runtime.directive.Include
2018-02-08 09:40:19,980 - Loaded System Directive: org.apache.velocity.runtime.directive.Foreach
2018-02-08 09:40:20,009 - Created '20' parsers.
2018-02-08 09:40:20,015 - Velocimacro : "velocimacro.library" is not set.  Trying default library: VM_global_library.vm
2018-02-08 09:40:20,017 - Could not load resource 'VM_global_library.vm' from ResourceLoader org.apache.velocity.runtime.resource.loader.ClasspathResourceLoader: ClasspathResourceLoader Error: cannot find resource VM_global_library.vm
2018-02-08 09:40:20,017 - Velocimacro : Default library not found.
2018-02-08 09:40:20,017 - Velocimacro : allowInline = true : VMs can be defined inline in templates
2018-02-08 09:40:20,017 - Velocimacro : allowInlineToOverride = false : VMs defined inline may NOT replace previous VM definitions
2018-02-08 09:40:20,017 - Velocimacro : allowInlineLocal = false : VMs defined inline will be global in scope if allowed.
2018-02-08 09:40:20,017 - Velocimacro : autoload off : VM system will not automatically reload global library macros
2018-02-08 09:40:20,044 - ResourceManager : found templates/common/generator/domain.java.vm with loader org.apache.velocity.runtime.resource.loader.ClasspathResourceLoader
2018-02-08 09:40:20,064 - ResourceManager : found templates/common/generator/Dao.java.vm with loader org.apache.velocity.runtime.resource.loader.ClasspathResourceLoader
2018-02-08 09:40:20,079 - ResourceManager : found templates/common/generator/Mapper.xml.vm with loader org.apache.velocity.runtime.resource.loader.ClasspathResourceLoader
2018-02-08 09:40:20,086 - Null reference [template 'templates/common/generator/Mapper.xml.vm', line 19, column 26] : ${sort} cannot be resolved.
2018-02-08 09:40:20,086 - Null reference [template 'templates/common/generator/Mapper.xml.vm', line 19, column 34] : ${order} cannot be resolved.
2018-02-08 09:40:20,089 - ResourceManager : found templates/common/generator/Service.java.vm with loader org.apache.velocity.runtime.resource.loader.ClasspathResourceLoader
2018-02-08 09:40:20,101 - ResourceManager : found templates/common/generator/ServiceImpl.java.vm with loader org.apache.velocity.runtime.resource.loader.ClasspathResourceLoader
2018-02-08 09:40:20,118 - ResourceManager : found templates/common/generator/Controller.java.vm with loader org.apache.velocity.runtime.resource.loader.ClasspathResourceLoader
2018-02-08 09:40:20,121 - ResourceManager : found templates/common/generator/list.html.vm with loader org.apache.velocity.runtime.resource.loader.ClasspathResourceLoader
2018-02-08 09:40:20,128 - ResourceManager : found templates/common/generator/add.html.vm with loader org.apache.velocity.runtime.resource.loader.ClasspathResourceLoader
2018-02-08 09:40:20,129 - ResourceManager : found templates/common/generator/edit.html.vm with loader org.apache.velocity.runtime.resource.loader.ClasspathResourceLoader
2018-02-08 09:40:20,143 - ResourceManager : found templates/common/generator/list.js.vm with loader org.apache.velocity.runtime.resource.loader.ClasspathResourceLoader
2018-02-08 09:40:20,145 - ResourceManager : found templates/common/generator/add.js.vm with loader org.apache.velocity.runtime.resource.loader.ClasspathResourceLoader
2018-02-08 09:40:20,153 - ResourceManager : found templates/common/generator/edit.js.vm with loader org.apache.velocity.runtime.resource.loader.ClasspathResourceLoader
